[2020/10/23 上午10:54:00]-method:POST-uri:/face/changeAge
BadRequestError: request aborted
    at IncomingMessage.onAborted (/home/yichengxian/WebstormProjects/face-fusion-express/node_modules/raw-body/index.js:231:10)
    at IncomingMessage.emit (events.js:314:20)
    at abortIncoming (_http_server.js:550:9)
    at socketOnClose (_http_server.js:543:3)
    at Socket.emit (events.js:326:22)
    at TCP.<anonymous> (net.js:672:12)
    at TCP.callbackTrampoline (internal/async_hooks.js:129:14)
[2020/10/23 下午2:34:55]-method:POST-uri:/face/changeAge
BadRequestError: request aborted
    at IncomingMessage.onAborted (/home/yichengxian/WebstormProjects/face-fusion-express/node_modules/raw-body/index.js:231:10)
    at IncomingMessage.emit (events.js:314:20)
    at abortIncoming (_http_server.js:550:9)
    at socketOnClose (_http_server.js:543:3)
    at Socket.emit (events.js:326:22)
    at TCP.<anonymous> (net.js:672:12)
    at TCP.callbackTrampoline (internal/async_hooks.js:129:14)
[2020/10/23 下午5:49:14]-method:POST-uri:/face/faceCartoon
BadRequestError: request aborted
    at IncomingMessage.onAborted (/home/yichengxian/WebstormProjects/face-fusion-express/node_modules/raw-body/index.js:231:10)
    at IncomingMessage.emit (events.js:314:20)
    at abortIncoming (_http_server.js:550:9)
    at socketOnClose (_http_server.js:543:3)
    at Socket.emit (events.js:326:22)
    at TCP.<anonymous> (net.js:672:12)
    at TCP.callbackTrampoline (internal/async_hooks.js:129:14)
[2020/10/23 下午6:22:23]-method:GET-uri:/face
TypeError: Cannot read property 'setnx' of undefined
    at Function.setNx (/home/yichengxian/WebstormProjects/face-fusion-express/app/biz/dao/redis/RedisTemplate.js:47:30)
    at Function.handler (/home/yichengxian/WebstormProjects/face-fusion-express/app/common/request/HttpConfig.js:23:36)
    at /home/yichengxian/WebstormProjects/face-fusion-express/app/app.js:37:48
    at newFn (/home/yichengxian/WebstormProjects/face-fusion-express/node_modules/express-async-errors/index.js:16:20)
    at Layer.handle [as handle_request] (/home/yichengxian/WebstormProjects/face-fusion-express/node_modules/express/lib/router/layer.js:95:5)
    at trim_prefix (/home/yichengxian/WebstormProjects/face-fusion-express/node_modules/express/lib/router/index.js:317:13)
    at /home/yichengxian/WebstormProjects/face-fusion-express/node_modules/express/lib/router/index.js:284:7
    at param (/home/yichengxian/WebstormProjects/face-fusion-express/node_modules/express/lib/router/index.js:354:14)
    at param (/home/yichengxian/WebstormProjects/face-fusion-express/node_modules/express/lib/router/index.js:365:14)
    at Function.process_params (/home/yichengxian/WebstormProjects/face-fusion-express/node_modules/express/lib/router/index.js:410:3)
[2020/10/23 下午6:22:24]-method:GET-uri:/favicon.ico
TypeError: Cannot read property 'setnx' of undefined
    at Function.setNx (/home/yichengxian/WebstormProjects/face-fusion-express/app/biz/dao/redis/RedisTemplate.js:47:30)
    at Function.handler (/home/yichengxian/WebstormProjects/face-fusion-express/app/common/request/HttpConfig.js:23:36)
    at /home/yichengxian/WebstormProjects/face-fusion-express/app/app.js:37:48
    at newFn (/home/yichengxian/WebstormProjects/face-fusion-express/node_modules/express-async-errors/index.js:16:20)
    at Layer.handle [as handle_request] (/home/yichengxian/WebstormProjects/face-fusion-express/node_modules/express/lib/router/layer.js:95:5)
    at trim_prefix (/home/yichengxian/WebstormProjects/face-fusion-express/node_modules/express/lib/router/index.js:317:13)
    at /home/yichengxian/WebstormProjects/face-fusion-express/node_modules/express/lib/router/index.js:284:7
    at param (/home/yichengxian/WebstormProjects/face-fusion-express/node_modules/express/lib/router/index.js:354:14)
    at param (/home/yichengxian/WebstormProjects/face-fusion-express/node_modules/express/lib/router/index.js:365:14)
    at Function.process_params (/home/yichengxian/WebstormProjects/face-fusion-express/node_modules/express/lib/router/index.js:410:3)
[2020/10/23 下午6:23:44]-method:GET-uri:/face
TypeError: Cannot read property 'setnx' of undefined
    at Function.setNx (/home/yichengxian/WebstormProjects/face-fusion-express/app/biz/dao/redis/RedisTemplate.js:48:30)
    at Function.handler (/home/yichengxian/WebstormProjects/face-fusion-express/app/common/request/HttpConfig.js:23:36)
    at /home/yichengxian/WebstormProjects/face-fusion-express/app/app.js:37:48
    at newFn (/home/yichengxian/WebstormProjects/face-fusion-express/node_modules/express-async-errors/index.js:16:20)
    at Layer.handle [as handle_request] (/home/yichengxian/WebstormProjects/face-fusion-express/node_modules/express/lib/router/layer.js:95:5)
    at trim_prefix (/home/yichengxian/WebstormProjects/face-fusion-express/node_modules/express/lib/router/index.js:317:13)
    at /home/yichengxian/WebstormProjects/face-fusion-express/node_modules/express/lib/router/index.js:284:7
    at param (/home/yichengxian/WebstormProjects/face-fusion-express/node_modules/express/lib/router/index.js:354:14)
    at param (/home/yichengxian/WebstormProjects/face-fusion-express/node_modules/express/lib/router/index.js:365:14)
    at Function.process_params (/home/yichengxian/WebstormProjects/face-fusion-express/node_modules/express/lib/router/index.js:410:3)
[2020/10/23 下午6:23:45]-method:GET-uri:/favicon.ico
TypeError: Cannot read property 'setnx' of undefined
    at Function.setNx (/home/yichengxian/WebstormProjects/face-fusion-express/app/biz/dao/redis/RedisTemplate.js:48:30)
    at Function.handler (/home/yichengxian/WebstormProjects/face-fusion-express/app/common/request/HttpConfig.js:23:36)
    at /home/yichengxian/WebstormProjects/face-fusion-express/app/app.js:37:48
    at newFn (/home/yichengxian/WebstormProjects/face-fusion-express/node_modules/express-async-errors/index.js:16:20)
    at Layer.handle [as handle_request] (/home/yichengxian/WebstormProjects/face-fusion-express/node_modules/express/lib/router/layer.js:95:5)
    at trim_prefix (/home/yichengxian/WebstormProjects/face-fusion-express/node_modules/express/lib/router/index.js:317:13)
    at /home/yichengxian/WebstormProjects/face-fusion-express/node_modules/express/lib/router/index.js:284:7
    at param (/home/yichengxian/WebstormProjects/face-fusion-express/node_modules/express/lib/router/index.js:354:14)
    at param (/home/yichengxian/WebstormProjects/face-fusion-express/node_modules/express/lib/router/index.js:365:14)
    at Function.process_params (/home/yichengxian/WebstormProjects/face-fusion-express/node_modules/express/lib/router/index.js:410:3)
[2020/10/23 下午6:25:00]-method:GET-uri:/face
TypeError: Cannot read property 'setnx' of undefined
    at Function.setNx (/home/yichengxian/WebstormProjects/face-fusion-express/app/biz/dao/redis/RedisTemplate.js:47:30)
    at Function.handler (/home/yichengxian/WebstormProjects/face-fusion-express/app/common/request/HttpConfig.js:23:36)
    at /home/yichengxian/WebstormProjects/face-fusion-express/app/app.js:37:48
    at newFn (/home/yichengxian/WebstormProjects/face-fusion-express/node_modules/express-async-errors/index.js:16:20)
    at Layer.handle [as handle_request] (/home/yichengxian/WebstormProjects/face-fusion-express/node_modules/express/lib/router/layer.js:95:5)
    at trim_prefix (/home/yichengxian/WebstormProjects/face-fusion-express/node_modules/express/lib/router/index.js:317:13)
    at /home/yichengxian/WebstormProjects/face-fusion-express/node_modules/express/lib/router/index.js:284:7
    at param (/home/yichengxian/WebstormProjects/face-fusion-express/node_modules/express/lib/router/index.js:354:14)
    at param (/home/yichengxian/WebstormProjects/face-fusion-express/node_modules/express/lib/router/index.js:365:14)
    at Function.process_params (/home/yichengxian/WebstormProjects/face-fusion-express/node_modules/express/lib/router/index.js:410:3)
[2020/10/23 下午6:25:01]-method:GET-uri:/favicon.ico
TypeError: Cannot read property 'setnx' of undefined
    at Function.setNx (/home/yichengxian/WebstormProjects/face-fusion-express/app/biz/dao/redis/RedisTemplate.js:47:30)
    at Function.handler (/home/yichengxian/WebstormProjects/face-fusion-express/app/common/request/HttpConfig.js:23:36)
    at /home/yichengxian/WebstormProjects/face-fusion-express/app/app.js:37:48
    at newFn (/home/yichengxian/WebstormProjects/face-fusion-express/node_modules/express-async-errors/index.js:16:20)
    at Layer.handle [as handle_request] (/home/yichengxian/WebstormProjects/face-fusion-express/node_modules/express/lib/router/layer.js:95:5)
    at trim_prefix (/home/yichengxian/WebstormProjects/face-fusion-express/node_modules/express/lib/router/index.js:317:13)
    at /home/yichengxian/WebstormProjects/face-fusion-express/node_modules/express/lib/router/index.js:284:7
    at param (/home/yichengxian/WebstormProjects/face-fusion-express/node_modules/express/lib/router/index.js:354:14)
    at param (/home/yichengxian/WebstormProjects/face-fusion-express/node_modules/express/lib/router/index.js:365:14)
    at Function.process_params (/home/yichengxian/WebstormProjects/face-fusion-express/node_modules/express/lib/router/index.js:410:3)
[2020/10/23 下午6:26:55]-method:GET-uri:/face
ReferenceError: ioRedisClient is not defined
    at Function.setNx (/home/yichengxian/WebstormProjects/face-fusion-express/app/biz/dao/redis/RedisTemplate.js:47:21)
    at Function.handler (/home/yichengxian/WebstormProjects/face-fusion-express/app/common/request/HttpConfig.js:23:36)
    at /home/yichengxian/WebstormProjects/face-fusion-express/app/app.js:37:48
    at newFn (/home/yichengxian/WebstormProjects/face-fusion-express/node_modules/express-async-errors/index.js:16:20)
    at Layer.handle [as handle_request] (/home/yichengxian/WebstormProjects/face-fusion-express/node_modules/express/lib/router/layer.js:95:5)
    at trim_prefix (/home/yichengxian/WebstormProjects/face-fusion-express/node_modules/express/lib/router/index.js:317:13)
    at /home/yichengxian/WebstormProjects/face-fusion-express/node_modules/express/lib/router/index.js:284:7
    at param (/home/yichengxian/WebstormProjects/face-fusion-express/node_modules/express/lib/router/index.js:354:14)
    at param (/home/yichengxian/WebstormProjects/face-fusion-express/node_modules/express/lib/router/index.js:365:14)
    at Function.process_params (/home/yichengxian/WebstormProjects/face-fusion-express/node_modules/express/lib/router/index.js:410:3)
[2020/10/23 下午6:26:55]-method:GET-uri:/favicon.ico
ReferenceError: ioRedisClient is not defined
    at Function.setNx (/home/yichengxian/WebstormProjects/face-fusion-express/app/biz/dao/redis/RedisTemplate.js:47:21)
    at Function.handler (/home/yichengxian/WebstormProjects/face-fusion-express/app/common/request/HttpConfig.js:23:36)
    at /home/yichengxian/WebstormProjects/face-fusion-express/app/app.js:37:48
    at newFn (/home/yichengxian/WebstormProjects/face-fusion-express/node_modules/express-async-errors/index.js:16:20)
    at Layer.handle [as handle_request] (/home/yichengxian/WebstormProjects/face-fusion-express/node_modules/express/lib/router/layer.js:95:5)
    at trim_prefix (/home/yichengxian/WebstormProjects/face-fusion-express/node_modules/express/lib/router/index.js:317:13)
    at /home/yichengxian/WebstormProjects/face-fusion-express/node_modules/express/lib/router/index.js:284:7
    at param (/home/yichengxian/WebstormProjects/face-fusion-express/node_modules/express/lib/router/index.js:354:14)
    at param (/home/yichengxian/WebstormProjects/face-fusion-express/node_modules/express/lib/router/index.js:365:14)
    at Function.process_params (/home/yichengxian/WebstormProjects/face-fusion-express/node_modules/express/lib/router/index.js:410:3)
[2020/10/23 下午6:27:13]-method:GET-uri:/face
ReferenceError: ioRedisClient is not defined
    at Function.setNx (/home/yichengxian/WebstormProjects/face-fusion-express/app/biz/dao/redis/RedisTemplate.js:47:21)
    at Function.handler (/home/yichengxian/WebstormProjects/face-fusion-express/app/common/request/HttpConfig.js:23:36)
    at /home/yichengxian/WebstormProjects/face-fusion-express/app/app.js:37:48
    at newFn (/home/yichengxian/WebstormProjects/face-fusion-express/node_modules/express-async-errors/index.js:16:20)
    at Layer.handle [as handle_request] (/home/yichengxian/WebstormProjects/face-fusion-express/node_modules/express/lib/router/layer.js:95:5)
    at trim_prefix (/home/yichengxian/WebstormProjects/face-fusion-express/node_modules/express/lib/router/index.js:317:13)
    at /home/yichengxian/WebstormProjects/face-fusion-express/node_modules/express/lib/router/index.js:284:7
    at param (/home/yichengxian/WebstormProjects/face-fusion-express/node_modules/express/lib/router/index.js:354:14)
    at param (/home/yichengxian/WebstormProjects/face-fusion-express/node_modules/express/lib/router/index.js:365:14)
    at Function.process_params (/home/yichengxian/WebstormProjects/face-fusion-express/node_modules/express/lib/router/index.js:410:3)
[2020/10/23 下午6:27:14]-method:GET-uri:/favicon.ico
ReferenceError: ioRedisClient is not defined
    at Function.setNx (/home/yichengxian/WebstormProjects/face-fusion-express/app/biz/dao/redis/RedisTemplate.js:47:21)
    at Function.handler (/home/yichengxian/WebstormProjects/face-fusion-express/app/common/request/HttpConfig.js:23:36)
    at /home/yichengxian/WebstormProjects/face-fusion-express/app/app.js:37:48
    at newFn (/home/yichengxian/WebstormProjects/face-fusion-express/node_modules/express-async-errors/index.js:16:20)
    at Layer.handle [as handle_request] (/home/yichengxian/WebstormProjects/face-fusion-express/node_modules/express/lib/router/layer.js:95:5)
    at trim_prefix (/home/yichengxian/WebstormProjects/face-fusion-express/node_modules/express/lib/router/index.js:317:13)
    at /home/yichengxian/WebstormProjects/face-fusion-express/node_modules/express/lib/router/index.js:284:7
    at param (/home/yichengxian/WebstormProjects/face-fusion-express/node_modules/express/lib/router/index.js:354:14)
    at param (/home/yichengxian/WebstormProjects/face-fusion-express/node_modules/express/lib/router/index.js:365:14)
    at Function.process_params (/home/yichengxian/WebstormProjects/face-fusion-express/node_modules/express/lib/router/index.js:410:3)
[2020/10/23 下午6:27:46]-method:GET-uri:/face
TypeError: Cannot read property 'setnx' of undefined
    at Function.setNx (/home/yichengxian/WebstormProjects/face-fusion-express/app/biz/dao/redis/RedisTemplate.js:47:35)
    at Function.handler (/home/yichengxian/WebstormProjects/face-fusion-express/app/common/request/HttpConfig.js:23:36)
    at /home/yichengxian/WebstormProjects/face-fusion-express/app/app.js:37:48
    at newFn (/home/yichengxian/WebstormProjects/face-fusion-express/node_modules/express-async-errors/index.js:16:20)
    at Layer.handle [as handle_request] (/home/yichengxian/WebstormProjects/face-fusion-express/node_modules/express/lib/router/layer.js:95:5)
    at trim_prefix (/home/yichengxian/WebstormProjects/face-fusion-express/node_modules/express/lib/router/index.js:317:13)
    at /home/yichengxian/WebstormProjects/face-fusion-express/node_modules/express/lib/router/index.js:284:7
    at param (/home/yichengxian/WebstormProjects/face-fusion-express/node_modules/express/lib/router/index.js:354:14)
    at param (/home/yichengxian/WebstormProjects/face-fusion-express/node_modules/express/lib/router/index.js:365:14)
    at Function.process_params (/home/yichengxian/WebstormProjects/face-fusion-express/node_modules/express/lib/router/index.js:410:3)
[2020/10/23 下午6:27:46]-method:GET-uri:/favicon.ico
TypeError: Cannot read property 'setnx' of undefined
    at Function.setNx (/home/yichengxian/WebstormProjects/face-fusion-express/app/biz/dao/redis/RedisTemplate.js:47:35)
    at Function.handler (/home/yichengxian/WebstormProjects/face-fusion-express/app/common/request/HttpConfig.js:23:36)
    at /home/yichengxian/WebstormProjects/face-fusion-express/app/app.js:37:48
    at newFn (/home/yichengxian/WebstormProjects/face-fusion-express/node_modules/express-async-errors/index.js:16:20)
    at Layer.handle [as handle_request] (/home/yichengxian/WebstormProjects/face-fusion-express/node_modules/express/lib/router/layer.js:95:5)
    at trim_prefix (/home/yichengxian/WebstormProjects/face-fusion-express/node_modules/express/lib/router/index.js:317:13)
    at /home/yichengxian/WebstormProjects/face-fusion-express/node_modules/express/lib/router/index.js:284:7
    at param (/home/yichengxian/WebstormProjects/face-fusion-express/node_modules/express/lib/router/index.js:354:14)
    at param (/home/yichengxian/WebstormProjects/face-fusion-express/node_modules/express/lib/router/index.js:365:14)
    at Function.process_params (/home/yichengxian/WebstormProjects/face-fusion-express/node_modules/express/lib/router/index.js:410:3)
[2020/10/23 下午6:28:14]-method:GET-uri:/face
TypeError: Cannot read property 'setnx' of undefined
    at Function.setNx (/home/yichengxian/WebstormProjects/face-fusion-express/app/biz/dao/redis/RedisTemplate.js:48:35)
    at Function.handler (/home/yichengxian/WebstormProjects/face-fusion-express/app/common/request/HttpConfig.js:23:36)
    at /home/yichengxian/WebstormProjects/face-fusion-express/app/app.js:37:48
    at newFn (/home/yichengxian/WebstormProjects/face-fusion-express/node_modules/express-async-errors/index.js:16:20)
    at Layer.handle [as handle_request] (/home/yichengxian/WebstormProjects/face-fusion-express/node_modules/express/lib/router/layer.js:95:5)
    at trim_prefix (/home/yichengxian/WebstormProjects/face-fusion-express/node_modules/express/lib/router/index.js:317:13)
    at /home/yichengxian/WebstormProjects/face-fusion-express/node_modules/express/lib/router/index.js:284:7
    at param (/home/yichengxian/WebstormProjects/face-fusion-express/node_modules/express/lib/router/index.js:354:14)
    at param (/home/yichengxian/WebstormProjects/face-fusion-express/node_modules/express/lib/router/index.js:365:14)
    at Function.process_params (/home/yichengxian/WebstormProjects/face-fusion-express/node_modules/express/lib/router/index.js:410:3)
[2020/10/23 下午6:28:15]-method:GET-uri:/favicon.ico
TypeError: Cannot read property 'setnx' of undefined
    at Function.setNx (/home/yichengxian/WebstormProjects/face-fusion-express/app/biz/dao/redis/RedisTemplate.js:48:35)
    at Function.handler (/home/yichengxian/WebstormProjects/face-fusion-express/app/common/request/HttpConfig.js:23:36)
    at /home/yichengxian/WebstormProjects/face-fusion-express/app/app.js:37:48
    at newFn (/home/yichengxian/WebstormProjects/face-fusion-express/node_modules/express-async-errors/index.js:16:20)
    at Layer.handle [as handle_request] (/home/yichengxian/WebstormProjects/face-fusion-express/node_modules/express/lib/router/layer.js:95:5)
    at trim_prefix (/home/yichengxian/WebstormProjects/face-fusion-express/node_modules/express/lib/router/index.js:317:13)
    at /home/yichengxian/WebstormProjects/face-fusion-express/node_modules/express/lib/router/index.js:284:7
    at param (/home/yichengxian/WebstormProjects/face-fusion-express/node_modules/express/lib/router/index.js:354:14)
    at param (/home/yichengxian/WebstormProjects/face-fusion-express/node_modules/express/lib/router/index.js:365:14)
    at Function.process_params (/home/yichengxian/WebstormProjects/face-fusion-express/node_modules/express/lib/router/index.js:410:3)
[2020/10/23 下午6:29:19]-method:GET-uri:/face
TypeError: Cannot read property 'expire' of undefined
    at Function.expire (/home/yichengxian/WebstormProjects/face-fusion-express/app/biz/dao/redis/RedisTemplate.js:37:35)
    at /home/yichengxian/WebstormProjects/face-fusion-express/app/biz/dao/redis/RedisTemplate.js:50:21
    at processTicksAndRejections (internal/process/task_queues.js:93:5)
    at async Function.handler (/home/yichengxian/WebstormProjects/face-fusion-express/app/common/request/HttpConfig.js:23:16)
[2020/10/23 下午6:31:36]-method:GET-uri:/face
TypeError: Cannot read property 'setnx' of undefined
    at Function.setNx (/home/yichengxian/WebstormProjects/face-fusion-express/app/biz/dao/redis/RedisTemplate.js:48:35)
    at Function.handler (/home/yichengxian/WebstormProjects/face-fusion-express/app/common/request/HttpConfig.js:23:36)
    at /home/yichengxian/WebstormProjects/face-fusion-express/app/app.js:37:48
    at newFn (/home/yichengxian/WebstormProjects/face-fusion-express/node_modules/express-async-errors/index.js:16:20)
    at Layer.handle [as handle_request] (/home/yichengxian/WebstormProjects/face-fusion-express/node_modules/express/lib/router/layer.js:95:5)
    at trim_prefix (/home/yichengxian/WebstormProjects/face-fusion-express/node_modules/express/lib/router/index.js:317:13)
    at /home/yichengxian/WebstormProjects/face-fusion-express/node_modules/express/lib/router/index.js:284:7
    at param (/home/yichengxian/WebstormProjects/face-fusion-express/node_modules/express/lib/router/index.js:354:14)
    at param (/home/yichengxian/WebstormProjects/face-fusion-express/node_modules/express/lib/router/index.js:365:14)
    at Function.process_params (/home/yichengxian/WebstormProjects/face-fusion-express/node_modules/express/lib/router/index.js:410:3)
[2020/10/23 下午6:31:37]-method:GET-uri:/favicon.ico
TypeError: Cannot read property 'setnx' of undefined
    at Function.setNx (/home/yichengxian/WebstormProjects/face-fusion-express/app/biz/dao/redis/RedisTemplate.js:48:35)
    at Function.handler (/home/yichengxian/WebstormProjects/face-fusion-express/app/common/request/HttpConfig.js:23:36)
    at /home/yichengxian/WebstormProjects/face-fusion-express/app/app.js:37:48
    at newFn (/home/yichengxian/WebstormProjects/face-fusion-express/node_modules/express-async-errors/index.js:16:20)
    at Layer.handle [as handle_request] (/home/yichengxian/WebstormProjects/face-fusion-express/node_modules/express/lib/router/layer.js:95:5)
    at trim_prefix (/home/yichengxian/WebstormProjects/face-fusion-express/node_modules/express/lib/router/index.js:317:13)
    at /home/yichengxian/WebstormProjects/face-fusion-express/node_modules/express/lib/router/index.js:284:7
    at param (/home/yichengxian/WebstormProjects/face-fusion-express/node_modules/express/lib/router/index.js:354:14)
    at param (/home/yichengxian/WebstormProjects/face-fusion-express/node_modules/express/lib/router/index.js:365:14)
    at Function.process_params (/home/yichengxian/WebstormProjects/face-fusion-express/node_modules/express/lib/router/index.js:410:3)
