[2020/10/21 上午10:54:23]-methodGET-uri/face
TypeError: name argument is required to req.get
    at IncomingMessage.header (/home/yichengxian/WebstormProjects/face-fusion-express/node_modules/express/lib/request.js:67:11)
    at /home/yichengxian/WebstormProjects/face-fusion-express/app/biz/router/home/HomeRouter.js:7:9
    at Layer.handle [as handle_request] (/home/yichengxian/WebstormProjects/face-fusion-express/node_modules/express/lib/router/layer.js:95:5)
    at next (/home/yichengxian/WebstormProjects/face-fusion-express/node_modules/express/lib/router/route.js:137:13)
    at Route.dispatch (/home/yichengxian/WebstormProjects/face-fusion-express/node_modules/express/lib/router/route.js:112:3)
    at Layer.handle [as handle_request] (/home/yichengxian/WebstormProjects/face-fusion-express/node_modules/express/lib/router/layer.js:95:5)
    at /home/yichengxian/WebstormProjects/face-fusion-express/node_modules/express/lib/router/index.js:281:22
    at Function.process_params (/home/yichengxian/WebstormProjects/face-fusion-express/node_modules/express/lib/router/index.js:335:12)
    at next (/home/yichengxian/WebstormProjects/face-fusion-express/node_modules/express/lib/router/index.js:275:10)
    at Function.handle (/home/yichengxian/WebstormProjects/face-fusion-express/node_modules/express/lib/router/index.js:174:3)


[2020/10/21 上午10:54:46]-methodGET-uri/face
TypeError: name argument is required to req.get
    at IncomingMessage.header (/home/yichengxian/WebstormProjects/face-fusion-express/node_modules/express/lib/request.js:67:11)
    at /home/yichengxian/WebstormProjects/face-fusion-express/app/biz/router/home/HomeRouter.js:7:9
    at Layer.handle [as handle_request] (/home/yichengxian/WebstormProjects/face-fusion-express/node_modules/express/lib/router/layer.js:95:5)
    at next (/home/yichengxian/WebstormProjects/face-fusion-express/node_modules/express/lib/router/route.js:137:13)
    at Route.dispatch (/home/yichengxian/WebstormProjects/face-fusion-express/node_modules/express/lib/router/route.js:112:3)
    at Layer.handle [as handle_request] (/home/yichengxian/WebstormProjects/face-fusion-express/node_modules/express/lib/router/layer.js:95:5)
    at /home/yichengxian/WebstormProjects/face-fusion-express/node_modules/express/lib/router/index.js:281:22
    at Function.process_params (/home/yichengxian/WebstormProjects/face-fusion-express/node_modules/express/lib/router/index.js:335:12)
    at next (/home/yichengxian/WebstormProjects/face-fusion-express/node_modules/express/lib/router/index.js:275:10)
    at Function.handle (/home/yichengxian/WebstormProjects/face-fusion-express/node_modules/express/lib/router/index.js:174:3)
[2020/10/21 上午10:55:18]-method:GET-uri:/face
TypeError: name argument is required to req.get
    at IncomingMessage.header (/home/yichengxian/WebstormProjects/face-fusion-express/node_modules/express/lib/request.js:67:11)
    at /home/yichengxian/WebstormProjects/face-fusion-express/app/biz/router/home/HomeRouter.js:7:9
    at Layer.handle [as handle_request] (/home/yichengxian/WebstormProjects/face-fusion-express/node_modules/express/lib/router/layer.js:95:5)
    at next (/home/yichengxian/WebstormProjects/face-fusion-express/node_modules/express/lib/router/route.js:137:13)
    at Route.dispatch (/home/yichengxian/WebstormProjects/face-fusion-express/node_modules/express/lib/router/route.js:112:3)
    at Layer.handle [as handle_request] (/home/yichengxian/WebstormProjects/face-fusion-express/node_modules/express/lib/router/layer.js:95:5)
    at /home/yichengxian/WebstormProjects/face-fusion-express/node_modules/express/lib/router/index.js:281:22
    at Function.process_params (/home/yichengxian/WebstormProjects/face-fusion-express/node_modules/express/lib/router/index.js:335:12)
    at next (/home/yichengxian/WebstormProjects/face-fusion-express/node_modules/express/lib/router/index.js:275:10)
    at Function.handle (/home/yichengxian/WebstormProjects/face-fusion-express/node_modules/express/lib/router/index.js:174:3)
[2020/10/21 下午3:28:25]-method:GET-uri:/face
TypeError: Basic is not a constructor
    at Function.index (/home/yichengxian/WebstormProjects/face-fusion-express/app/biz/service/home/HomeService.js:7:23)
    at Function.index (/home/yichengxian/WebstormProjects/face-fusion-express/app/biz/controller/home/HomeController.js:16:28)
    at /home/yichengxian/WebstormProjects/face-fusion-express/app/biz/router/home/HomeRouter.js:7:30
    at Layer.handle [as handle_request] (/home/yichengxian/WebstormProjects/face-fusion-express/node_modules/express/lib/router/layer.js:95:5)
    at next (/home/yichengxian/WebstormProjects/face-fusion-express/node_modules/express/lib/router/route.js:137:13)
    at Route.dispatch (/home/yichengxian/WebstormProjects/face-fusion-express/node_modules/express/lib/router/route.js:112:3)
    at Layer.handle [as handle_request] (/home/yichengxian/WebstormProjects/face-fusion-express/node_modules/express/lib/router/layer.js:95:5)
    at /home/yichengxian/WebstormProjects/face-fusion-express/node_modules/express/lib/router/index.js:281:22
    at Function.process_params (/home/yichengxian/WebstormProjects/face-fusion-express/node_modules/express/lib/router/index.js:335:12)
    at next (/home/yichengxian/WebstormProjects/face-fusion-express/node_modules/express/lib/router/index.js:275:10)
[2020/10/21 下午6:39:06]-method:POST-uri:/face/swapGender
TypeError: faceController.swapGender(...).then is not a function
    at /home/yichengxian/WebstormProjects/face-fusion-express/app/biz/router/face/FaceRouter.js:10:58
    at Layer.handle [as handle_request] (/home/yichengxian/WebstormProjects/face-fusion-express/node_modules/express/lib/router/layer.js:95:5)
    at next (/home/yichengxian/WebstormProjects/face-fusion-express/node_modules/express/lib/router/route.js:137:13)
    at Route.dispatch (/home/yichengxian/WebstormProjects/face-fusion-express/node_modules/express/lib/router/route.js:112:3)
    at Layer.handle [as handle_request] (/home/yichengxian/WebstormProjects/face-fusion-express/node_modules/express/lib/router/layer.js:95:5)
    at /home/yichengxian/WebstormProjects/face-fusion-express/node_modules/express/lib/router/index.js:281:22
    at Function.process_params (/home/yichengxian/WebstormProjects/face-fusion-express/node_modules/express/lib/router/index.js:335:12)
    at next (/home/yichengxian/WebstormProjects/face-fusion-express/node_modules/express/lib/router/index.js:275:10)
    at Function.handle (/home/yichengxian/WebstormProjects/face-fusion-express/node_modules/express/lib/router/index.js:174:3)
    at router (/home/yichengxian/WebstormProjects/face-fusion-express/node_modules/express/lib/router/index.js:47:12)
[2020/10/21 下午6:40:45]-method:POST-uri:/face/swapGender
PayloadTooLargeError: request entity too large
    at readStream (/home/yichengxian/WebstormProjects/face-fusion-express/node_modules/raw-body/index.js:155:17)
    at getRawBody (/home/yichengxian/WebstormProjects/face-fusion-express/node_modules/raw-body/index.js:108:12)
    at read (/home/yichengxian/WebstormProjects/face-fusion-express/node_modules/body-parser/lib/read.js:77:3)
    at jsonParser (/home/yichengxian/WebstormProjects/face-fusion-express/node_modules/body-parser/lib/types/json.js:135:5)
    at Layer.handle [as handle_request] (/home/yichengxian/WebstormProjects/face-fusion-express/node_modules/express/lib/router/layer.js:95:5)
    at trim_prefix (/home/yichengxian/WebstormProjects/face-fusion-express/node_modules/express/lib/router/index.js:317:13)
    at /home/yichengxian/WebstormProjects/face-fusion-express/node_modules/express/lib/router/index.js:284:7
    at Function.process_params (/home/yichengxian/WebstormProjects/face-fusion-express/node_modules/express/lib/router/index.js:335:12)
    at next (/home/yichengxian/WebstormProjects/face-fusion-express/node_modules/express/lib/router/index.js:275:10)
    at cookieParser (/home/yichengxian/WebstormProjects/face-fusion-express/node_modules/cookie-parser/index.js:57:14)
[2020/10/21 下午6:44:54]-method:POST-uri:/face/swapGender
PayloadTooLargeError: request entity too large
    at readStream (/home/yichengxian/WebstormProjects/face-fusion-express/node_modules/raw-body/index.js:155:17)
    at getRawBody (/home/yichengxian/WebstormProjects/face-fusion-express/node_modules/raw-body/index.js:108:12)
    at read (/home/yichengxian/WebstormProjects/face-fusion-express/node_modules/body-parser/lib/read.js:77:3)
    at jsonParser (/home/yichengxian/WebstormProjects/face-fusion-express/node_modules/body-parser/lib/types/json.js:135:5)
    at Layer.handle [as handle_request] (/home/yichengxian/WebstormProjects/face-fusion-express/node_modules/express/lib/router/layer.js:95:5)
    at trim_prefix (/home/yichengxian/WebstormProjects/face-fusion-express/node_modules/express/lib/router/index.js:317:13)
    at /home/yichengxian/WebstormProjects/face-fusion-express/node_modules/express/lib/router/index.js:284:7
    at Function.process_params (/home/yichengxian/WebstormProjects/face-fusion-express/node_modules/express/lib/router/index.js:335:12)
    at next (/home/yichengxian/WebstormProjects/face-fusion-express/node_modules/express/lib/router/index.js:275:10)
    at cookieParser (/home/yichengxian/WebstormProjects/face-fusion-express/node_modules/cookie-parser/index.js:57:14)
[2020/10/21 下午6:45:09]-method:POST-uri:/face/swapGender
PayloadTooLargeError: request entity too large
    at readStream (/home/yichengxian/WebstormProjects/face-fusion-express/node_modules/raw-body/index.js:155:17)
    at getRawBody (/home/yichengxian/WebstormProjects/face-fusion-express/node_modules/raw-body/index.js:108:12)
    at read (/home/yichengxian/WebstormProjects/face-fusion-express/node_modules/body-parser/lib/read.js:77:3)
    at jsonParser (/home/yichengxian/WebstormProjects/face-fusion-express/node_modules/body-parser/lib/types/json.js:135:5)
    at Layer.handle [as handle_request] (/home/yichengxian/WebstormProjects/face-fusion-express/node_modules/express/lib/router/layer.js:95:5)
    at trim_prefix (/home/yichengxian/WebstormProjects/face-fusion-express/node_modules/express/lib/router/index.js:317:13)
    at /home/yichengxian/WebstormProjects/face-fusion-express/node_modules/express/lib/router/index.js:284:7
    at Function.process_params (/home/yichengxian/WebstormProjects/face-fusion-express/node_modules/express/lib/router/index.js:335:12)
    at next (/home/yichengxian/WebstormProjects/face-fusion-express/node_modules/express/lib/router/index.js:275:10)
    at cookieParser (/home/yichengxian/WebstormProjects/face-fusion-express/node_modules/cookie-parser/index.js:57:14)
[2020/10/21 下午6:46:55]-method:POST-uri:/face/swapGender
PayloadTooLargeError: request entity too large
    at readStream (/home/yichengxian/WebstormProjects/face-fusion-express/node_modules/raw-body/index.js:155:17)
    at getRawBody (/home/yichengxian/WebstormProjects/face-fusion-express/node_modules/raw-body/index.js:108:12)
    at read (/home/yichengxian/WebstormProjects/face-fusion-express/node_modules/body-parser/lib/read.js:77:3)
    at jsonParser (/home/yichengxian/WebstormProjects/face-fusion-express/node_modules/body-parser/lib/types/json.js:135:5)
    at Layer.handle [as handle_request] (/home/yichengxian/WebstormProjects/face-fusion-express/node_modules/express/lib/router/layer.js:95:5)
    at trim_prefix (/home/yichengxian/WebstormProjects/face-fusion-express/node_modules/express/lib/router/index.js:317:13)
    at /home/yichengxian/WebstormProjects/face-fusion-express/node_modules/express/lib/router/index.js:284:7
    at Function.process_params (/home/yichengxian/WebstormProjects/face-fusion-express/node_modules/express/lib/router/index.js:335:12)
    at next (/home/yichengxian/WebstormProjects/face-fusion-express/node_modules/express/lib/router/index.js:275:10)
    at cookieParser (/home/yichengxian/WebstormProjects/face-fusion-express/node_modules/cookie-parser/index.js:57:14)
[2020/10/21 下午6:47:51]-method:POST-uri:/face/swapGender
PayloadTooLargeError: request entity too large
    at readStream (/home/yichengxian/WebstormProjects/face-fusion-express/node_modules/raw-body/index.js:155:17)
    at getRawBody (/home/yichengxian/WebstormProjects/face-fusion-express/node_modules/raw-body/index.js:108:12)
    at read (/home/yichengxian/WebstormProjects/face-fusion-express/node_modules/body-parser/lib/read.js:77:3)
    at jsonParser (/home/yichengxian/WebstormProjects/face-fusion-express/node_modules/body-parser/lib/types/json.js:135:5)
    at Layer.handle [as handle_request] (/home/yichengxian/WebstormProjects/face-fusion-express/node_modules/express/lib/router/layer.js:95:5)
    at trim_prefix (/home/yichengxian/WebstormProjects/face-fusion-express/node_modules/express/lib/router/index.js:317:13)
    at /home/yichengxian/WebstormProjects/face-fusion-express/node_modules/express/lib/router/index.js:284:7
    at Function.process_params (/home/yichengxian/WebstormProjects/face-fusion-express/node_modules/express/lib/router/index.js:335:12)
    at next (/home/yichengxian/WebstormProjects/face-fusion-express/node_modules/express/lib/router/index.js:275:10)
    at cookieParser (/home/yichengxian/WebstormProjects/face-fusion-express/node_modules/cookie-parser/index.js:57:14)
[2020/10/21 下午6:51:32]-method:POST-uri:/face/swapGender
PayloadTooLargeError: request entity too large
    at readStream (/home/yichengxian/WebstormProjects/face-fusion-express/node_modules/raw-body/index.js:155:17)
    at getRawBody (/home/yichengxian/WebstormProjects/face-fusion-express/node_modules/raw-body/index.js:108:12)
    at read (/home/yichengxian/WebstormProjects/face-fusion-express/node_modules/body-parser/lib/read.js:77:3)
    at jsonParser (/home/yichengxian/WebstormProjects/face-fusion-express/node_modules/body-parser/lib/types/json.js:135:5)
    at Layer.handle [as handle_request] (/home/yichengxian/WebstormProjects/face-fusion-express/node_modules/express/lib/router/layer.js:95:5)
    at trim_prefix (/home/yichengxian/WebstormProjects/face-fusion-express/node_modules/express/lib/router/index.js:317:13)
    at /home/yichengxian/WebstormProjects/face-fusion-express/node_modules/express/lib/router/index.js:284:7
    at Function.process_params (/home/yichengxian/WebstormProjects/face-fusion-express/node_modules/express/lib/router/index.js:335:12)
    at next (/home/yichengxian/WebstormProjects/face-fusion-express/node_modules/express/lib/router/index.js:275:10)
    at cookieParser (/home/yichengxian/WebstormProjects/face-fusion-express/node_modules/cookie-parser/index.js:57:14)
[2020/10/21 下午6:53:32]-method:POST-uri:/face/swapGender
PayloadTooLargeError: request entity too large
    at readStream (/home/yichengxian/WebstormProjects/face-fusion-express/node_modules/raw-body/index.js:155:17)
    at getRawBody (/home/yichengxian/WebstormProjects/face-fusion-express/node_modules/raw-body/index.js:108:12)
    at read (/home/yichengxian/WebstormProjects/face-fusion-express/node_modules/body-parser/lib/read.js:77:3)
    at jsonParser (/home/yichengxian/WebstormProjects/face-fusion-express/node_modules/body-parser/lib/types/json.js:135:5)
    at Layer.handle [as handle_request] (/home/yichengxian/WebstormProjects/face-fusion-express/node_modules/express/lib/router/layer.js:95:5)
    at trim_prefix (/home/yichengxian/WebstormProjects/face-fusion-express/node_modules/express/lib/router/index.js:317:13)
    at /home/yichengxian/WebstormProjects/face-fusion-express/node_modules/express/lib/router/index.js:284:7
    at Function.process_params (/home/yichengxian/WebstormProjects/face-fusion-express/node_modules/express/lib/router/index.js:335:12)
    at next (/home/yichengxian/WebstormProjects/face-fusion-express/node_modules/express/lib/router/index.js:275:10)
    at cookieParser (/home/yichengxian/WebstormProjects/face-fusion-express/node_modules/cookie-parser/index.js:57:14)
[2020/10/21 下午7:59:02]-method:POST-uri:/face/swapGender
Error: 张三里斯微
    at /home/yichengxian/WebstormProjects/face-fusion-express/app/biz/router/face/FaceRouter.js:10:11
    at Layer.handle [as handle_request] (/home/yichengxian/WebstormProjects/face-fusion-express/node_modules/express/lib/router/layer.js:95:5)
    at next (/home/yichengxian/WebstormProjects/face-fusion-express/node_modules/express/lib/router/route.js:137:13)
    at Route.dispatch (/home/yichengxian/WebstormProjects/face-fusion-express/node_modules/express/lib/router/route.js:112:3)
    at Layer.handle [as handle_request] (/home/yichengxian/WebstormProjects/face-fusion-express/node_modules/express/lib/router/layer.js:95:5)
    at /home/yichengxian/WebstormProjects/face-fusion-express/node_modules/express/lib/router/index.js:281:22
    at Function.process_params (/home/yichengxian/WebstormProjects/face-fusion-express/node_modules/express/lib/router/index.js:335:12)
    at next (/home/yichengxian/WebstormProjects/face-fusion-express/node_modules/express/lib/router/index.js:275:10)
    at Function.handle (/home/yichengxian/WebstormProjects/face-fusion-express/node_modules/express/lib/router/index.js:174:3)
    at router (/home/yichengxian/WebstormProjects/face-fusion-express/node_modules/express/lib/router/index.js:47:12)
[2020/10/21 下午9:33:43]-method:POST-uri:/face/faceCartoon
TypeError: Cannot read property 'bool' of null
    at Function.faceCartoon (/home/yichengxian/WebstormProjects/face-fusion-express/app/biz/controller/face/FaceController.js:60:64)
    at /home/yichengxian/WebstormProjects/face-fusion-express/app/biz/router/face/FaceRouter.js:45:41
    at newFn (/home/yichengxian/WebstormProjects/face-fusion-express/node_modules/express-async-errors/index.js:16:20)
    at Layer.handle [as handle_request] (/home/yichengxian/WebstormProjects/face-fusion-express/node_modules/express/lib/router/layer.js:95:5)
    at next (/home/yichengxian/WebstormProjects/face-fusion-express/node_modules/express/lib/router/route.js:137:13)
    at Route.dispatch (/home/yichengxian/WebstormProjects/face-fusion-express/node_modules/express/lib/router/route.js:112:3)
    at newFn (/home/yichengxian/WebstormProjects/face-fusion-express/node_modules/express-async-errors/index.js:16:20)
    at Layer.handle [as handle_request] (/home/yichengxian/WebstormProjects/face-fusion-express/node_modules/express/lib/router/layer.js:95:5)
    at /home/yichengxian/WebstormProjects/face-fusion-express/node_modules/express/lib/router/index.js:281:22
    at Function.process_params (/home/yichengxian/WebstormProjects/face-fusion-express/node_modules/express/lib/router/index.js:335:12)
[2020/10/21 下午9:34:49]-method:POST-uri:/face/faceCartoon
TypeError: Cannot read property 'bool' of null
    at Function.faceCartoon (/home/yichengxian/WebstormProjects/face-fusion-express/app/biz/controller/face/FaceController.js:61:64)
    at /home/yichengxian/WebstormProjects/face-fusion-express/app/biz/router/face/FaceRouter.js:45:41
    at newFn (/home/yichengxian/WebstormProjects/face-fusion-express/node_modules/express-async-errors/index.js:16:20)
    at Layer.handle [as handle_request] (/home/yichengxian/WebstormProjects/face-fusion-express/node_modules/express/lib/router/layer.js:95:5)
    at next (/home/yichengxian/WebstormProjects/face-fusion-express/node_modules/express/lib/router/route.js:137:13)
    at Route.dispatch (/home/yichengxian/WebstormProjects/face-fusion-express/node_modules/express/lib/router/route.js:112:3)
    at newFn (/home/yichengxian/WebstormProjects/face-fusion-express/node_modules/express-async-errors/index.js:16:20)
    at Layer.handle [as handle_request] (/home/yichengxian/WebstormProjects/face-fusion-express/node_modules/express/lib/router/layer.js:95:5)
    at /home/yichengxian/WebstormProjects/face-fusion-express/node_modules/express/lib/router/index.js:281:22
    at Function.process_params (/home/yichengxian/WebstormProjects/face-fusion-express/node_modules/express/lib/router/index.js:335:12)
[2020/10/21 下午9:35:42]-method:POST-uri:/face/faceCartoon
TypeError: Cannot read property 'bool' of null
    at Function.faceCartoon (/home/yichengxian/WebstormProjects/face-fusion-express/app/biz/controller/face/FaceController.js:61:64)
    at /home/yichengxian/WebstormProjects/face-fusion-express/app/biz/router/face/FaceRouter.js:45:41
    at newFn (/home/yichengxian/WebstormProjects/face-fusion-express/node_modules/express-async-errors/index.js:16:20)
    at Layer.handle [as handle_request] (/home/yichengxian/WebstormProjects/face-fusion-express/node_modules/express/lib/router/layer.js:95:5)
    at next (/home/yichengxian/WebstormProjects/face-fusion-express/node_modules/express/lib/router/route.js:137:13)
    at Route.dispatch (/home/yichengxian/WebstormProjects/face-fusion-express/node_modules/express/lib/router/route.js:112:3)
    at newFn (/home/yichengxian/WebstormProjects/face-fusion-express/node_modules/express-async-errors/index.js:16:20)
    at Layer.handle [as handle_request] (/home/yichengxian/WebstormProjects/face-fusion-express/node_modules/express/lib/router/layer.js:95:5)
    at /home/yichengxian/WebstormProjects/face-fusion-express/node_modules/express/lib/router/index.js:281:22
    at Function.process_params (/home/yichengxian/WebstormProjects/face-fusion-express/node_modules/express/lib/router/index.js:335:12)
[2020/10/21 下午9:37:02]-method:POST-uri:/face/faceCartoon
TypeError: Cannot read property 'bool' of null
    at Function.faceCartoon (/home/yichengxian/WebstormProjects/face-fusion-express/app/biz/controller/face/FaceController.js:61:64)
    at /home/yichengxian/WebstormProjects/face-fusion-express/app/biz/router/face/FaceRouter.js:45:41
    at newFn (/home/yichengxian/WebstormProjects/face-fusion-express/node_modules/express-async-errors/index.js:16:20)
    at Layer.handle [as handle_request] (/home/yichengxian/WebstormProjects/face-fusion-express/node_modules/express/lib/router/layer.js:95:5)
    at next (/home/yichengxian/WebstormProjects/face-fusion-express/node_modules/express/lib/router/route.js:137:13)
    at Route.dispatch (/home/yichengxian/WebstormProjects/face-fusion-express/node_modules/express/lib/router/route.js:112:3)
    at newFn (/home/yichengxian/WebstormProjects/face-fusion-express/node_modules/express-async-errors/index.js:16:20)
    at Layer.handle [as handle_request] (/home/yichengxian/WebstormProjects/face-fusion-express/node_modules/express/lib/router/layer.js:95:5)
    at /home/yichengxian/WebstormProjects/face-fusion-express/node_modules/express/lib/router/index.js:281:22
    at Function.process_params (/home/yichengxian/WebstormProjects/face-fusion-express/node_modules/express/lib/router/index.js:335:12)
