[2020/10/22 下午2:30:36]-method:GET-uri:/favicon.ico
Error [ERR_HTTP_HEADERS_SENT]: Cannot set headers after they are sent to the client
    at ServerResponse.setHeader (_http_outgoing.js:547:11)
    at Function.handler (/home/yichengxian/WebstormProjects/face-fusion-express/app/common/request/HttpConfig.js:19:14)
    at /home/yichengxian/WebstormProjects/face-fusion-express/app/app.js:42:42
    at newFn (/home/yichengxian/WebstormProjects/face-fusion-express/node_modules/express-async-errors/index.js:16:20)
    at Layer.handle [as handle_request] (/home/yichengxian/WebstormProjects/face-fusion-express/node_modules/express/lib/router/layer.js:95:5)
    at trim_prefix (/home/yichengxian/WebstormProjects/face-fusion-express/node_modules/express/lib/router/index.js:317:13)
    at /home/yichengxian/WebstormProjects/face-fusion-express/node_modules/express/lib/router/index.js:284:7
    at param (/home/yichengxian/WebstormProjects/face-fusion-express/node_modules/express/lib/router/index.js:354:14)
    at param (/home/yichengxian/WebstormProjects/face-fusion-express/node_modules/express/lib/router/index.js:365:14)
    at Function.process_params (/home/yichengxian/WebstormProjects/face-fusion-express/node_modules/express/lib/router/index.js:410:3)
[2020/10/22 下午2:30:39]-method:GET-uri:/favicon.ico
Error [ERR_HTTP_HEADERS_SENT]: Cannot set headers after they are sent to the client
    at ServerResponse.setHeader (_http_outgoing.js:547:11)
    at Function.handler (/home/yichengxian/WebstormProjects/face-fusion-express/app/common/request/HttpConfig.js:19:14)
    at /home/yichengxian/WebstormProjects/face-fusion-express/app/app.js:42:42
    at newFn (/home/yichengxian/WebstormProjects/face-fusion-express/node_modules/express-async-errors/index.js:16:20)
    at Layer.handle [as handle_request] (/home/yichengxian/WebstormProjects/face-fusion-express/node_modules/express/lib/router/layer.js:95:5)
    at trim_prefix (/home/yichengxian/WebstormProjects/face-fusion-express/node_modules/express/lib/router/index.js:317:13)
    at /home/yichengxian/WebstormProjects/face-fusion-express/node_modules/express/lib/router/index.js:284:7
    at param (/home/yichengxian/WebstormProjects/face-fusion-express/node_modules/express/lib/router/index.js:354:14)
    at param (/home/yichengxian/WebstormProjects/face-fusion-express/node_modules/express/lib/router/index.js:365:14)
    at Function.process_params (/home/yichengxian/WebstormProjects/face-fusion-express/node_modules/express/lib/router/index.js:410:3)
[2020/10/22 下午2:31:27]-method:GET-uri:/favicon.ico
Error [ERR_HTTP_HEADERS_SENT]: Cannot set headers after they are sent to the client
    at ServerResponse.setHeader (_http_outgoing.js:547:11)
    at Function.handler (/home/yichengxian/WebstormProjects/face-fusion-express/app/common/request/HttpConfig.js:19:14)
    at /home/yichengxian/WebstormProjects/face-fusion-express/app/app.js:42:42
    at newFn (/home/yichengxian/WebstormProjects/face-fusion-express/node_modules/express-async-errors/index.js:16:20)
    at Layer.handle [as handle_request] (/home/yichengxian/WebstormProjects/face-fusion-express/node_modules/express/lib/router/layer.js:95:5)
    at trim_prefix (/home/yichengxian/WebstormProjects/face-fusion-express/node_modules/express/lib/router/index.js:317:13)
    at /home/yichengxian/WebstormProjects/face-fusion-express/node_modules/express/lib/router/index.js:284:7
    at param (/home/yichengxian/WebstormProjects/face-fusion-express/node_modules/express/lib/router/index.js:354:14)
    at param (/home/yichengxian/WebstormProjects/face-fusion-express/node_modules/express/lib/router/index.js:365:14)
    at Function.process_params (/home/yichengxian/WebstormProjects/face-fusion-express/node_modules/express/lib/router/index.js:410:3)
[2020/10/22 下午2:32:40]-method:GET-uri:/favicon.ico
Error [ERR_HTTP_HEADERS_SENT]: Cannot set headers after they are sent to the client
    at ServerResponse.setHeader (_http_outgoing.js:547:11)
    at Function.handler (/home/yichengxian/WebstormProjects/face-fusion-express/app/common/request/HttpConfig.js:19:14)
    at /home/yichengxian/WebstormProjects/face-fusion-express/app/app.js:42:42
    at newFn (/home/yichengxian/WebstormProjects/face-fusion-express/node_modules/express-async-errors/index.js:16:20)
    at Layer.handle [as handle_request] (/home/yichengxian/WebstormProjects/face-fusion-express/node_modules/express/lib/router/layer.js:95:5)
    at trim_prefix (/home/yichengxian/WebstormProjects/face-fusion-express/node_modules/express/lib/router/index.js:317:13)
    at /home/yichengxian/WebstormProjects/face-fusion-express/node_modules/express/lib/router/index.js:284:7
    at param (/home/yichengxian/WebstormProjects/face-fusion-express/node_modules/express/lib/router/index.js:354:14)
    at param (/home/yichengxian/WebstormProjects/face-fusion-express/node_modules/express/lib/router/index.js:365:14)
    at Function.process_params (/home/yichengxian/WebstormProjects/face-fusion-express/node_modules/express/lib/router/index.js:410:3)
[2020/10/22 下午2:33:54]-method:GET-uri:/favicon.ico
ReferenceError: BizException is not defined
    at Function.checkToken (/home/yichengxian/WebstormProjects/face-fusion-express/app/common/request/TokenHandler.js:22:13)
    at Function.handler (/home/yichengxian/WebstormProjects/face-fusion-express/app/common/request/HttpConfig.js:20:21)
    at /home/yichengxian/WebstormProjects/face-fusion-express/app/app.js:42:42
    at newFn (/home/yichengxian/WebstormProjects/face-fusion-express/node_modules/express-async-errors/index.js:16:20)
    at Layer.handle [as handle_request] (/home/yichengxian/WebstormProjects/face-fusion-express/node_modules/express/lib/router/layer.js:95:5)
    at trim_prefix (/home/yichengxian/WebstormProjects/face-fusion-express/node_modules/express/lib/router/index.js:317:13)
    at /home/yichengxian/WebstormProjects/face-fusion-express/node_modules/express/lib/router/index.js:284:7
    at param (/home/yichengxian/WebstormProjects/face-fusion-express/node_modules/express/lib/router/index.js:354:14)
    at param (/home/yichengxian/WebstormProjects/face-fusion-express/node_modules/express/lib/router/index.js:365:14)
    at Function.process_params (/home/yichengxian/WebstormProjects/face-fusion-express/node_modules/express/lib/router/index.js:410:3)
[2020/10/22 下午2:41:00]-method:GET-uri:/favicon.ico
ReferenceError: BizResultCode is not defined
    at Function.handler (/home/yichengxian/WebstormProjects/face-fusion-express/app/common/request/HttpConfig.js:26:41)
    at /home/yichengxian/WebstormProjects/face-fusion-express/app/app.js:42:42
    at newFn (/home/yichengxian/WebstormProjects/face-fusion-express/node_modules/express-async-errors/index.js:16:20)
    at Layer.handle [as handle_request] (/home/yichengxian/WebstormProjects/face-fusion-express/node_modules/express/lib/router/layer.js:95:5)
    at trim_prefix (/home/yichengxian/WebstormProjects/face-fusion-express/node_modules/express/lib/router/index.js:317:13)
    at /home/yichengxian/WebstormProjects/face-fusion-express/node_modules/express/lib/router/index.js:284:7
    at param (/home/yichengxian/WebstormProjects/face-fusion-express/node_modules/express/lib/router/index.js:354:14)
    at param (/home/yichengxian/WebstormProjects/face-fusion-express/node_modules/express/lib/router/index.js:365:14)
    at Function.process_params (/home/yichengxian/WebstormProjects/face-fusion-express/node_modules/express/lib/router/index.js:410:3)
    at next (/home/yichengxian/WebstormProjects/face-fusion-express/node_modules/express/lib/router/index.js:275:10)
[2020/10/22 下午2:50:00]-method:GET-uri:/face
Error [ERR_HTTP_HEADERS_SENT]: Cannot set headers after they are sent to the client
    at ServerResponse.setHeader (_http_outgoing.js:547:11)
    at ServerResponse.header (/home/yichengxian/WebstormProjects/face-fusion-express/node_modules/express/lib/response.js:771:10)
    at ServerResponse.send (/home/yichengxian/WebstormProjects/face-fusion-express/node_modules/express/lib/response.js:170:12)
    at ServerResponse.json (/home/yichengxian/WebstormProjects/face-fusion-express/node_modules/express/lib/response.js:267:15)
    at ServerResponse.send (/home/yichengxian/WebstormProjects/face-fusion-express/node_modules/express/lib/response.js:158:21)
    at /home/yichengxian/WebstormProjects/face-fusion-express/app/biz/router/home/HomeRouter.js:7:10
    at newFn (/home/yichengxian/WebstormProjects/face-fusion-express/node_modules/express-async-errors/index.js:16:20)
    at Layer.handle [as handle_request] (/home/yichengxian/WebstormProjects/face-fusion-express/node_modules/express/lib/router/layer.js:95:5)
    at next (/home/yichengxian/WebstormProjects/face-fusion-express/node_modules/express/lib/router/route.js:137:13)
    at Route.dispatch (/home/yichengxian/WebstormProjects/face-fusion-express/node_modules/express/lib/router/route.js:112:3)
[2020/10/22 下午6:24:59]-method:GET-uri:/face
ReferenceError: loggerConfig is not defined
    at /home/yichengxian/WebstormProjects/face-fusion-express/app/biz/router/home/HomeRouter.js:10:5
    at newFn (/home/yichengxian/WebstormProjects/face-fusion-express/node_modules/express-async-errors/index.js:16:20)
    at Layer.handle [as handle_request] (/home/yichengxian/WebstormProjects/face-fusion-express/node_modules/express/lib/router/layer.js:95:5)
    at next (/home/yichengxian/WebstormProjects/face-fusion-express/node_modules/express/lib/router/route.js:137:13)
    at Route.dispatch (/home/yichengxian/WebstormProjects/face-fusion-express/node_modules/express/lib/router/route.js:112:3)
    at newFn (/home/yichengxian/WebstormProjects/face-fusion-express/node_modules/express-async-errors/index.js:16:20)
    at Layer.handle [as handle_request] (/home/yichengxian/WebstormProjects/face-fusion-express/node_modules/express/lib/router/layer.js:95:5)
    at /home/yichengxian/WebstormProjects/face-fusion-express/node_modules/express/lib/router/index.js:281:22
    at Function.process_params (/home/yichengxian/WebstormProjects/face-fusion-express/node_modules/express/lib/router/index.js:335:12)
    at next (/home/yichengxian/WebstormProjects/face-fusion-express/node_modules/express/lib/router/index.js:275:10)
[2020/10/22 下午6:25:25]-method:GET-uri:/face
ReferenceError: homeController is not defined
    at /home/yichengxian/WebstormProjects/face-fusion-express/app/biz/router/home/HomeRouter.js:7:15
    at newFn (/home/yichengxian/WebstormProjects/face-fusion-express/node_modules/express-async-errors/index.js:16:20)
    at Layer.handle [as handle_request] (/home/yichengxian/WebstormProjects/face-fusion-express/node_modules/express/lib/router/layer.js:95:5)
    at next (/home/yichengxian/WebstormProjects/face-fusion-express/node_modules/express/lib/router/route.js:137:13)
    at Route.dispatch (/home/yichengxian/WebstormProjects/face-fusion-express/node_modules/express/lib/router/route.js:112:3)
    at newFn (/home/yichengxian/WebstormProjects/face-fusion-express/node_modules/express-async-errors/index.js:16:20)
    at Layer.handle [as handle_request] (/home/yichengxian/WebstormProjects/face-fusion-express/node_modules/express/lib/router/layer.js:95:5)
    at /home/yichengxian/WebstormProjects/face-fusion-express/node_modules/express/lib/router/index.js:281:22
    at Function.process_params (/home/yichengxian/WebstormProjects/face-fusion-express/node_modules/express/lib/router/index.js:335:12)
    at next (/home/yichengxian/WebstormProjects/face-fusion-express/node_modules/express/lib/router/index.js:275:10)
[2020/10/22 下午6:25:40]-method:GET-uri:/face
ReferenceError: result is not defined
    at /home/yichengxian/WebstormProjects/face-fusion-express/app/biz/router/home/HomeRouter.js:11:38
    at newFn (/home/yichengxian/WebstormProjects/face-fusion-express/node_modules/express-async-errors/index.js:16:20)
    at Layer.handle [as handle_request] (/home/yichengxian/WebstormProjects/face-fusion-express/node_modules/express/lib/router/layer.js:95:5)
    at next (/home/yichengxian/WebstormProjects/face-fusion-express/node_modules/express/lib/router/route.js:137:13)
    at Route.dispatch (/home/yichengxian/WebstormProjects/face-fusion-express/node_modules/express/lib/router/route.js:112:3)
    at newFn (/home/yichengxian/WebstormProjects/face-fusion-express/node_modules/express-async-errors/index.js:16:20)
    at Layer.handle [as handle_request] (/home/yichengxian/WebstormProjects/face-fusion-express/node_modules/express/lib/router/layer.js:95:5)
    at /home/yichengxian/WebstormProjects/face-fusion-express/node_modules/express/lib/router/index.js:281:22
    at Function.process_params (/home/yichengxian/WebstormProjects/face-fusion-express/node_modules/express/lib/router/index.js:335:12)
    at next (/home/yichengxian/WebstormProjects/face-fusion-express/node_modules/express/lib/router/index.js:275:10)
[2020/10/22 下午6:25:56]-method:GET-uri:/face
ReferenceError: result is not defined
    at /home/yichengxian/WebstormProjects/face-fusion-express/app/biz/router/home/HomeRouter.js:11:38
    at newFn (/home/yichengxian/WebstormProjects/face-fusion-express/node_modules/express-async-errors/index.js:16:20)
    at Layer.handle [as handle_request] (/home/yichengxian/WebstormProjects/face-fusion-express/node_modules/express/lib/router/layer.js:95:5)
    at next (/home/yichengxian/WebstormProjects/face-fusion-express/node_modules/express/lib/router/route.js:137:13)
    at Route.dispatch (/home/yichengxian/WebstormProjects/face-fusion-express/node_modules/express/lib/router/route.js:112:3)
    at newFn (/home/yichengxian/WebstormProjects/face-fusion-express/node_modules/express-async-errors/index.js:16:20)
    at Layer.handle [as handle_request] (/home/yichengxian/WebstormProjects/face-fusion-express/node_modules/express/lib/router/layer.js:95:5)
    at /home/yichengxian/WebstormProjects/face-fusion-express/node_modules/express/lib/router/index.js:281:22
    at Function.process_params (/home/yichengxian/WebstormProjects/face-fusion-express/node_modules/express/lib/router/index.js:335:12)
    at next (/home/yichengxian/WebstormProjects/face-fusion-express/node_modules/express/lib/router/index.js:275:10)
[2020/10/22 下午6:46:05]-method:GET-uri:/favicon.ico
ReferenceError: param is not defined
    at Function.tokenFailed (/home/yichengxian/WebstormProjects/face-fusion-express/app/common/api/BizResult.js:46:108)
    at Function.checkToken (/home/yichengxian/WebstormProjects/face-fusion-express/app/common/request/TokenHandler.js:24:33)
    at Function.handler (/home/yichengxian/WebstormProjects/face-fusion-express/app/common/request/HttpConfig.js:21:27)
    at /home/yichengxian/WebstormProjects/face-fusion-express/app/app.js:35:42
    at newFn (/home/yichengxian/WebstormProjects/face-fusion-express/node_modules/express-async-errors/index.js:16:20)
    at Layer.handle [as handle_request] (/home/yichengxian/WebstormProjects/face-fusion-express/node_modules/express/lib/router/layer.js:95:5)
    at trim_prefix (/home/yichengxian/WebstormProjects/face-fusion-express/node_modules/express/lib/router/index.js:317:13)
    at /home/yichengxian/WebstormProjects/face-fusion-express/node_modules/express/lib/router/index.js:284:7
    at param (/home/yichengxian/WebstormProjects/face-fusion-express/node_modules/express/lib/router/index.js:354:14)
    at param (/home/yichengxian/WebstormProjects/face-fusion-express/node_modules/express/lib/router/index.js:365:14)
